0 info it worked if it ends with ok
1 verbose cli [ '/Users/yano-tom/.anyenv/envs/ndenv/versions/6.9.5/bin/node',
1 verbose cli   '/Users/yano-tom/.anyenv/envs/ndenv/versions/6.9.5/bin/npm',
1 verbose cli   'run',
1 verbose cli   'add-dev-pack',
1 verbose cli   'grunt-babel',
1 verbose cli   'babel-preset-es2015' ]
2 info using npm@3.10.10
3 info using node@v6.9.5
4 verbose run-script [ 'preadd-dev-pack', 'add-dev-pack', 'postadd-dev-pack' ]
5 info lifecycle knockout-sample@1.0.0~preadd-dev-pack: knockout-sample@1.0.0
6 silly lifecycle knockout-sample@1.0.0~preadd-dev-pack: no script for preadd-dev-pack, continuing
7 info lifecycle knockout-sample@1.0.0~add-dev-pack: knockout-sample@1.0.0
8 verbose lifecycle knockout-sample@1.0.0~add-dev-pack: unsafe-perm in lifecycle true
9 verbose lifecycle knockout-sample@1.0.0~add-dev-pack: PATH: /Users/yano-tom/.anyenv/envs/ndenv/versions/6.9.5/lib/node_modules/npm/bin/node-gyp-bin:/Users/yano-tom/study/knockout-sample/node_modules/.bin:/Users/yano-tom/.anyenv/envs/ndenv/versions/6.9.5/bin:/Users/yano-tom/.ndenv/libexec:/Users/yano-tom/.anyenv/envs/ndenv/plugins/node-build/bin:/Users/yano-tom/.ndenv/bin:/usr/local/bin:/Users/yano-tom/Library/Android/sdk/tools:/Users/yano-tom/.anyenv/envs/ndenv/bin:/Users/yano-tom/.anyenv/bin:/Users/yano-tom/.ndenv/bin:/Users/yano-tom/Library/Android/sdk/tools:/Users/yano-tom/.anyenv/envs/ndenv/shims:/Users/yano-tom/.anyenv/envs/ndenv/bin:/Users/yano-tom/.anyenv/bin:/usr/local/bin:/usr/bin:/bin:/usr/sbin:/sbin:/opt/X11/bin
10 verbose lifecycle knockout-sample@1.0.0~add-dev-pack: CWD: /Users/yano-tom/study/knockout-sample
11 silly lifecycle knockout-sample@1.0.0~add-dev-pack: Args: [ '-c',
11 silly lifecycle   'npm install -D -E "grunt-babel" "babel-preset-es2015"' ]
12 silly lifecycle knockout-sample@1.0.0~add-dev-pack: Returned: code: 1  signal: null
13 info lifecycle knockout-sample@1.0.0~add-dev-pack: Failed to exec add-dev-pack script
14 verbose stack Error: knockout-sample@1.0.0 add-dev-pack: `npm install -D -E "grunt-babel" "babel-preset-es2015"`
14 verbose stack Exit status 1
14 verbose stack     at EventEmitter.<anonymous> (/Users/yano-tom/.anyenv/envs/ndenv/versions/6.9.5/lib/node_modules/npm/lib/utils/lifecycle.js:255:16)
14 verbose stack     at emitTwo (events.js:106:13)
14 verbose stack     at EventEmitter.emit (events.js:191:7)
14 verbose stack     at ChildProcess.<anonymous> (/Users/yano-tom/.anyenv/envs/ndenv/versions/6.9.5/lib/node_modules/npm/lib/utils/spawn.js:40:14)
14 verbose stack     at emitTwo (events.js:106:13)
14 verbose stack     at ChildProcess.emit (events.js:191:7)
14 verbose stack     at maybeClose (internal/child_process.js:877:16)
14 verbose stack     at Process.ChildProcess._handle.onexit (internal/child_process.js:226:5)
15 verbose pkgid knockout-sample@1.0.0
16 verbose cwd /Users/yano-tom/study/knockout-sample
17 error Darwin 15.6.0
18 error argv "/Users/yano-tom/.anyenv/envs/ndenv/versions/6.9.5/bin/node" "/Users/yano-tom/.anyenv/envs/ndenv/versions/6.9.5/bin/npm" "run" "add-dev-pack" "grunt-babel" "babel-preset-es2015"
19 error node v6.9.5
20 error npm  v3.10.10
21 error code ELIFECYCLE
22 error knockout-sample@1.0.0 add-dev-pack: `npm install -D -E "grunt-babel" "babel-preset-es2015"`
22 error Exit status 1
23 error Failed at the knockout-sample@1.0.0 add-dev-pack script 'npm install -D -E "grunt-babel" "babel-preset-es2015"'.
23 error Make sure you have the latest version of node.js and npm installed.
23 error If you do, this is most likely a problem with the knockout-sample package,
23 error not with npm itself.
23 error Tell the author that this fails on your system:
23 error     npm install -D -E "grunt-babel" "babel-preset-es2015"
23 error You can get information on how to open an issue for this project with:
23 error     npm bugs knockout-sample
23 error Or if that isn't available, you can get their info via:
23 error     npm owner ls knockout-sample
23 error There is likely additional logging output above.
24 verbose exit [ 1, true ]
